
▶ Rubro: Bar (bar)
✔ Guardado: El Bar de Dorrego
✔ Guardado: Santo Domingo
✔ Guardado: Llegó tu hora...
✔ Guardado: Tato's Bar
✔ Guardado: La Academia Bar
✔ Guardado: Tuka Bar
✔ Guardado: El Bar Del Edu
✔ Guardado: Pool Over Bar Lanús
✔ Guardado: BLOT BAR
✔ Guardado: Buchardo Bar
✔ Guardado: El Bar de La Plaza Lanus
✔ Guardado: Luton Bar
✔ Guardado: Bar Tío Bizarro
✔ Guardado: Nacho's Bar
✔ Guardado: Ozono Bar
✔ Guardado: Bahía Pool Bar Café
✔ Guardado: open bar
✔ Guardado: Bar restaurante El Nuevo Molinito
✔ Guardado: CRASH Resto-bar
✔ Guardado: Three Monkeys Brew Bar
✔ Insertados para Bar: 20

✅ Total de lugares nuevos insertados: 20